<?xml version="1.0" encoding="UTF-8"?>
<!-- Generated by org.testng.reporters.JUnitReportReporter -->
<testsuite skipped="1" hostname="SASUPPORT13" name="ignoretest.TestNGIgnore" tests="3" failures="0" timestamp="16 Sep 2020 10:34:43 GMT" time="0.017" errors="0">
  <testcase name="test3" time="0.003" classname="ignoretest.TestNGIgnore"/>
  <testcase name="test2" time="0.014" classname="ignoretest.TestNGIgnore"/>
  <testcase name="test1" classname="ignoretest.TestNGIgnore">
    <skipped/>
  </testcase> <!-- test1 -->
</testsuite> <!-- ignoretest.TestNGIgnore -->
