<?xml version="1.0" encoding="UTF-8"?>
<!-- Generated by org.testng.reporters.JUnitReportReporter -->
<testsuite skipped="0" hostname="SASUPPORT13" name="priorityDemo.PriorityDemo" tests="3" failures="0" timestamp="14 Sep 2020 15:01:44 GMT" time="0.020" errors="0">
  <testcase name="test1" time="0.011" classname="priorityDemo.PriorityDemo"/>
  <testcase name="test3" time="0.004" classname="priorityDemo.PriorityDemo"/>
  <testcase name="test2" time="0.005" classname="priorityDemo.PriorityDemo"/>
</testsuite> <!-- priorityDemo.PriorityDemo -->
