<?xml version="1.0" encoding="UTF-8"?>
<!-- Generated by org.testng.reporters.JUnitReportReporter -->
<testsuite skipped="0" hostname="SASUPPORT13" name="groupsTestNG.GroupsTestGN" tests="2" failures="0" timestamp="15 Sep 2020 03:01:38 GMT" time="0.015" errors="0">
  <testcase name="test3" time="0.002" classname="groupsTestNG.GroupsTestGN"/>
  <testcase name="test1" time="0.013" classname="groupsTestNG.GroupsTestGN"/>
</testsuite> <!-- groupsTestNG.GroupsTestGN -->
