<?xml version="1.0" encoding="UTF-8"?>
<!-- Generated by org.testng.reporters.JUnitReportReporter -->
<testsuite skipped="0" hostname="SASUPPORT13" name="util.ExcelDataprovider" tests="3" failures="0" timestamp="13 Sep 2020 12:30:33 GMT" time="16.765" errors="0">
  <testcase name="test1" time="3.408" classname="util.ExcelDataprovider"/>
  <testcase name="test1" time="9.737" classname="util.ExcelDataprovider"/>
  <testcase name="test1" time="3.620" classname="util.ExcelDataprovider"/>
</testsuite> <!-- util.ExcelDataprovider -->
