<?xml version="1.0" encoding="UTF-8"?>
<!-- Generated by org.testng.reporters.JUnitReportReporter -->
<testsuite skipped="2" hostname="SASUPPORT13" name="orangeHR.ExtentsReport_with_TestNG" tests="3" failures="0" timestamp="2020-09-09T10:48:04 IST" time="0.127" errors="1">
  <testcase name="setUp" time="0.126" classname="orangeHR.ExtentsReport_with_TestNG">
    <error type="java.lang.NoClassDefFoundError" message="org.apache.logging.log4j.LogManager">
      <![CDATA[java.lang.NoClassDefFoundError: org.apache.logging.log4j.LogManager
at org.apache.log4j.Logger.getLogger(Logger.java:37)
at freemarker.log._Log4jLoggerFactory.getLogger(_Log4jLoggerFactory.java:29)
at freemarker.log.Logger.getLogger(Logger.java:357)
at freemarker.template.Configuration.<clinit>(Configuration.java:125)
at com.aventstack.extentreports.reporter.ExtentHtmlReporter.start(ExtentHtmlReporter.java:93)
at com.aventstack.extentreports.Report.attach(Report.java:54)
at java.util.Spliterators$ArraySpliterator.forEachRemaining(Unknown Source)
at java.util.stream.ReferencePipeline$Head.forEach(Unknown Source)
at com.aventstack.extentreports.ExtentReports.attachReporter(ExtentReports.java:68)
at orangeHR.ExtentsReport_with_TestNG.setUp(ExtentsReport_with_TestNG.java:33)
at sun.reflect.NativeMethodAccessorImpl.invoke0(Native Method)
at sun.reflect.NativeMethodAccessorImpl.invoke(Unknown Source)
at sun.reflect.DelegatingMethodAccessorImpl.invoke(Unknown Source)
at java.lang.reflect.Method.invoke(Unknown Source)
at org.testng.internal.MethodInvocationHelper.invokeMethod(MethodInvocationHelper.java:135)
at org.testng.internal.MethodInvocationHelper.invokeMethodConsideringTimeout(MethodInvocationHelper.java:64)
at org.testng.internal.ConfigInvoker.invokeConfigurationMethod(ConfigInvoker.java:364)
at org.testng.internal.ConfigInvoker.invokeConfigurations(ConfigInvoker.java:318)
at org.testng.SuiteRunner.privateRun(SuiteRunner.java:327)
at org.testng.SuiteRunner.run(SuiteRunner.java:286)
at org.testng.SuiteRunnerWorker.runSuite(SuiteRunnerWorker.java:53)
at org.testng.SuiteRunnerWorker.run(SuiteRunnerWorker.java:96)
at org.testng.TestNG.runSuitesSequentially(TestNG.java:1214)
at org.testng.TestNG.runSuitesLocally(TestNG.java:1136)
at org.testng.TestNG.runSuites(TestNG.java:1066)
at org.testng.TestNG.run(TestNG.java:1034)
at org.testng.remote.AbstractRemoteTestNG.run(AbstractRemoteTestNG.java:115)
at org.testng.remote.RemoteTestNG.initAndRun(RemoteTestNG.java:251)
at org.testng.remote.RemoteTestNG.main(RemoteTestNG.java:77)
]]>
    </error>
  </testcase> <!-- setUp -->
  <system-out/>
  <testcase name="test1" time="0.000" classname="orangeHR.ExtentsReport_with_TestNG">
    <skipped/>
  </testcase> <!-- test1 -->
  <system-out/>
  <testcase name="test2" time="0.001" classname="orangeHR.ExtentsReport_with_TestNG">
    <skipped/>
  </testcase> <!-- test2 -->
  <system-out/>
</testsuite> <!-- orangeHR.ExtentsReport_with_TestNG -->
