<?xml version="1.0" encoding="UTF-8"?>
<!-- Generated by org.testng.reporters.JUnitReportReporter -->
<testsuite skipped="0" hostname="SASUPPORT13" name="dependencies.TestNGDependency" tests="3" failures="0" timestamp="16 Sep 2020 04:17:56 GMT" time="0.018" errors="0">
  <testcase name="test1" time="0.003" classname="dependencies.TestNGDependency"/>
  <testcase name="test2" time="0.010" classname="dependencies.TestNGDependency"/>
  <testcase name="test3" time="0.005" classname="dependencies.TestNGDependency"/>
</testsuite> <!-- dependencies.TestNGDependency -->
