<?xml version="1.0" encoding="UTF-8"?>
<!-- Generated by org.testng.reporters.JUnitReportReporter -->
<testsuite skipped="0" hostname="SASUPPORT13" name="orangeHR.test12" tests="1" failures="0" timestamp="16 Sep 2020 12:20:48 GMT" time="9.620" errors="0">
  <testcase name="testUntitledTestCase" time="9.620" classname="orangeHR.test12"/>
</testsuite> <!-- orangeHR.test12 -->
