<?xml version="1.0" encoding="UTF-8"?>
<!-- Generated by org.testng.reporters.JUnitReportReporter -->
<testsuite skipped="0" hostname="SASUPPORT13" name="orangeHR.TestNGDemo" tests="2" failures="0" timestamp="12 Sep 2020 07:03:10 GMT" time="8.626" errors="0">
  <testcase name="googleSearche" time="5.235" classname="orangeHR.TestNGDemo"/>
  <testcase name="googleSearche3" time="3.391" classname="orangeHR.TestNGDemo"/>
</testsuite> <!-- orangeHR.TestNGDemo -->
