<?xml version="1.0" encoding="UTF-8"?>
<!-- Generated by org.testng.reporters.JUnitReportReporter -->
<testsuite skipped="0" hostname="SASUPPORT13" name="listeners.TestNGListenerDemo" tests="3" failures="0" timestamp="14 Sep 2020 03:26:20 GMT" time="0.021" errors="0">
  <testcase name="test2" time="0.003" classname="listeners.TestNGListenerDemo"/>
  <testcase name="test1" time="0.014" classname="listeners.TestNGListenerDemo"/>
  <testcase name="test3" time="0.004" classname="listeners.TestNGListenerDemo"/>
</testsuite> <!-- listeners.TestNGListenerDemo -->
