<?xml version="1.0" encoding="UTF-8"?>
<!-- Generated by org.testng.reporters.JUnitReportReporter -->
<testsuite skipped="0" hostname="SASUPPORT13" name="parameter.TestNGParameter" tests="1" failures="0" timestamp="16 Sep 2020 03:07:52 GMT" time="0.012" errors="0">
  <testcase name="test" time="0.012" classname="parameter.TestNGParameter"/>
</testsuite> <!-- parameter.TestNGParameter -->
