<?xml version="1.0" encoding="UTF-8"?>
<!-- Generated by org.testng.reporters.JUnitReportReporter -->
<testsuite skipped="0" hostname="SASUPPORT13" name="orangeHR.TestNGDemo2" tests="1" failures="0" timestamp="09 Sep 2020 10:21:44 GMT" time="4.000" errors="0">
  <testcase name="googleSearche2" time="4.000" classname="orangeHR.TestNGDemo2"/>
</testsuite> <!-- orangeHR.TestNGDemo2 -->
